# JRE version: Java(TM) SE Runtime Environment (17.0.8+9) (build 17.0.8+9-LTS-211)
# Java VM: Java HotSpot(TM) 64-Bit Server VM (17.0.8+9-LTS-211, mixed mode, sharing, tiered, compressed oops, compressed class ptrs, g1 gc, windows-amd64)
GC Precious Log:
 CPUs: 4 total, 4 available
 Memory: 8033M
 Large Page Support: Disabled
 NUMA Support: Disabled
 Compressed Oops: Enabled (32-bit)
 Heap Region Size: 1M
 Heap Min Capacity: 256M
 Heap Initial Capacity: 256M
 Heap Max Capacity: 512M
 Pre-touch: Disabled
 Parallel Workers: 4
 Concurrent Workers: 1
 Concurrent Refinement Workers: 4
 Periodic GC: Disabled
Heap:
 garbage-first heap   total 262144K, used 93625K [0x00000000e0000000, 0x0000000100000000)
  region size 1024K, 81 young (82944K), 11 survivors (11264K)
 Metaspace       used 34340K, committed 34752K, reserved 278528K
  class space    used 4733K, committed 4928K, reserved 212992K
GC Heap History (8 events):
Event: 2.778 GC heap before
{Heap before GC invocations=0 (full 0):
 garbage-first heap   total 262144K, used 18432K [0x00000000e0000000, 0x0000000100000000)
  region size 1024K, 13 young (13312K), 0 survivors (0K)
 Metaspace       used 1493K, committed 1600K, reserved 278528K
  class space    used 142K, committed 192K, reserved 212992K
}
Event: 2.795 GC heap after
{Heap after GC invocations=1 (full 0):
 garbage-first heap   total 262144K, used 7994K [0x00000000e0000000, 0x0000000100000000)
  region size 1024K, 2 young (2048K), 2 survivors (2048K)
 Metaspace       used 1493K, committed 1600K, reserved 278528K
  class space    used 142K, committed 192K, reserved 212992K
}
Event: 5.092 GC heap before
{Heap before GC invocations=1 (full 0):
 garbage-first heap   total 262144K, used 20282K [0x00000000e0000000, 0x0000000100000000)
  region size 1024K, 14 young (14336K), 2 survivors (2048K)
 Metaspace       used 3619K, committed 3840K, reserved 278528K
  class space    used 454K, committed 576K, reserved 212992K
}
Event: 5.097 GC heap after
{Heap after GC invocations=2 (full 0):
 garbage-first heap   total 262144K, used 8771K [0x00000000e0000000, 0x0000000100000000)
  region size 1024K, 1 young (1024K), 1 survivors (1024K)
 Metaspace       used 3619K, committed 3840K, reserved 278528K
  class space    used 454K, committed 576K, reserved 212992K
}
Event: 8.370 GC heap before
{Heap before GC invocations=2 (full 0):
 garbage-first heap   total 262144K, used 35395K [0x00000000e0000000, 0x0000000100000000)
  region size 1024K, 27 young (27648K), 1 survivors (1024K)
 Metaspace       used 3914K, committed 4096K, reserved 278528K
  class space    used 492K, committed 576K, reserved 212992K
}
Event: 8.382 GC heap after
{Heap after GC invocations=3 (full 0):
 garbage-first heap   total 262144K, used 13674K [0x00000000e0000000, 0x0000000100000000)
  region size 1024K, 4 young (4096K), 4 survivors (4096K)
 Metaspace       used 3914K, committed 4096K, reserved 278528K
  class space    used 492K, committed 576K, reserved 212992K
}
Event: 23.984 GC heap before
{Heap before GC invocations=3 (full 0):
 garbage-first heap   total 262144K, used 103786K [0x00000000e0000000, 0x0000000100000000)
  region size 1024K, 93 young (95232K), 4 survivors (4096K)
 Metaspace       used 21227K, committed 21504K, reserved 278528K
  class space    used 3158K, committed 3328K, reserved 212992K
}
Event: 24.015 GC heap after
{Heap after GC invocations=4 (full 0):
 garbage-first heap   total 262144K, used 19897K [0x00000000e0000000, 0x0000000100000000)
  region size 1024K, 11 young (11264K), 11 survivors (11264K)
 Metaspace       used 21227K, committed 21504K, reserved 278528K
  class space    used 3158K, committed 3328K, reserved 212992K
}

